2022-12-20 11:49:37 INFO  HomePage :45 - Hover on electronic[[ChromeDriver: chrome on WINDOWS (5aaf792ecb4744d6b4c899254a96b2db)] -> xpath: //a[text()='Electronics ']]
2022-12-20 11:49:37 INFO  HomePage :50 - Click on cell phones[[ChromeDriver: chrome on WINDOWS (5aaf792ecb4744d6b4c899254a96b2db)] -> xpath: //ul[1]/li[2]/ul[1]/li[2]/a[1]]
2022-12-20 11:49:38 INFO  CellPhonesPage :51 - Get cell phone text[[ChromeDriver: chrome on WINDOWS (5aaf792ecb4744d6b4c899254a96b2db)] -> xpath: //h1[text()='Cell phones']]
2022-12-20 11:49:38 INFO  CellPhonesPage :56 - Click on list view tab[[ChromeDriver: chrome on WINDOWS (5aaf792ecb4744d6b4c899254a96b2db)] -> xpath: //a[contains(text(),'List')]]
2022-12-20 11:49:43 INFO  CellPhonesPage :61 - Click on nokia lumia product[[ChromeDriver: chrome on WINDOWS (5aaf792ecb4744d6b4c899254a96b2db)] -> xpath: //div[3]/div[1]/div[2]/h2[1]/a]
2022-12-20 11:49:44 INFO  CellPhonesPage :66 - Verify nokia lumia text[[ChromeDriver: chrome on WINDOWS (5aaf792ecb4744d6b4c899254a96b2db)] -> xpath: //h1[text()='Nokia Lumia 1020']]
2022-12-20 11:49:44 INFO  CellPhonesPage :71 - Verify price[[ChromeDriver: chrome on WINDOWS (5aaf792ecb4744d6b4c899254a96b2db)] -> id: price-value-20]
2022-12-20 11:49:44 INFO  CellPhonesPage :76 - Change quantity[[ChromeDriver: chrome on WINDOWS (5aaf792ecb4744d6b4c899254a96b2db)] -> name: addtocart_20.EnteredQuantity]
2022-12-20 11:49:44 INFO  CellPhonesPage :82 - Click on add to cart[[ChromeDriver: chrome on WINDOWS (5aaf792ecb4744d6b4c899254a96b2db)] -> id: add-to-cart-button-20]
2022-12-20 11:49:44 INFO  CellPhonesPage :87 - Verify product added in shopping cart text[[ChromeDriver: chrome on WINDOWS (5aaf792ecb4744d6b4c899254a96b2db)] -> xpath: //body/div[@id='bar-notification']/div[1]/p[1]]
2022-12-20 11:49:44 INFO  CellPhonesPage :92 - Click on close button[[ChromeDriver: chrome on WINDOWS (5aaf792ecb4744d6b4c899254a96b2db)] -> xpath: //span[@title='Close']]
2022-12-20 11:49:44 INFO  CellPhonesPage :97 - Mouse hover on shopping cart[[ChromeDriver: chrome on WINDOWS (5aaf792ecb4744d6b4c899254a96b2db)] -> xpath: //span[text()='Shopping cart']]
2022-12-20 11:49:45 INFO  CellPhonesPage :98 - Click on go to cart[[ChromeDriver: chrome on WINDOWS (5aaf792ecb4744d6b4c899254a96b2db)] -> xpath: //button[text()='Go to cart']]
2022-12-20 11:49:46 INFO  CartPage :114 - Verify shopping cart text[[ChromeDriver: chrome on WINDOWS (5aaf792ecb4744d6b4c899254a96b2db)] -> xpath: //h1[text()='Shopping cart']]
2022-12-20 11:49:46 INFO  CartPage :119 - Verify quantity[[ChromeDriver: chrome on WINDOWS (5aaf792ecb4744d6b4c899254a96b2db)] -> xpath: //span[contains(text(),'(2)')]]
2022-12-20 11:49:46 INFO  CartPage :124 - Verify total[[ChromeDriver: chrome on WINDOWS (5aaf792ecb4744d6b4c899254a96b2db)] -> xpath: //tbody/tr[1]/td[6]/span[1]]
2022-12-20 11:49:46 INFO  CartPage :94 - Click on check box[[ChromeDriver: chrome on WINDOWS (5aaf792ecb4744d6b4c899254a96b2db)] -> id: termsofservice]
2022-12-20 11:49:46 INFO  CartPage :99 - Click on checkout button[[ChromeDriver: chrome on WINDOWS (5aaf792ecb4744d6b4c899254a96b2db)] -> id: checkout]
2022-12-20 11:49:47 INFO  CartPage :139 - Verify welcome message[[ChromeDriver: chrome on WINDOWS (5aaf792ecb4744d6b4c899254a96b2db)] -> xpath: //h1[text()='Welcome, Please Sign In!']]
2022-12-20 11:49:47 INFO  CartPage :144 - Click on register tab[[ChromeDriver: chrome on WINDOWS (5aaf792ecb4744d6b4c899254a96b2db)] -> xpath: //button[text()='Register']]
2022-12-20 11:49:47 INFO  RegisterPage :57 - Verify register text[[ChromeDriver: chrome on WINDOWS (5aaf792ecb4744d6b4c899254a96b2db)] -> xpath: //h1[text()='Register']]
2022-12-20 11:49:47 INFO  RegisterPage :62 - Click on gender[[ChromeDriver: chrome on WINDOWS (5aaf792ecb4744d6b4c899254a96b2db)] -> id: gender-male]
2022-12-20 11:49:47 INFO  RegisterPage :63 - Enter first name[[ChromeDriver: chrome on WINDOWS (5aaf792ecb4744d6b4c899254a96b2db)] -> id: FirstName]
2022-12-20 11:49:47 INFO  RegisterPage :64 - Enter last name[[ChromeDriver: chrome on WINDOWS (5aaf792ecb4744d6b4c899254a96b2db)] -> id: LastName]
2022-12-20 11:49:47 INFO  RegisterPage :65 - Select day[[ChromeDriver: chrome on WINDOWS (5aaf792ecb4744d6b4c899254a96b2db)] -> name: DateOfBirthDay]
2022-12-20 11:49:47 INFO  RegisterPage :66 - Select month[[ChromeDriver: chrome on WINDOWS (5aaf792ecb4744d6b4c899254a96b2db)] -> name: DateOfBirthMonth]
2022-12-20 11:49:47 INFO  RegisterPage :67 - Select year[[ChromeDriver: chrome on WINDOWS (5aaf792ecb4744d6b4c899254a96b2db)] -> name: DateOfBirthYear]
2022-12-20 11:49:47 INFO  RegisterPage :68 - Enter email[[ChromeDriver: chrome on WINDOWS (5aaf792ecb4744d6b4c899254a96b2db)] -> id: Email]
2022-12-20 11:49:47 INFO  RegisterPage :69 - Enter password[[ChromeDriver: chrome on WINDOWS (5aaf792ecb4744d6b4c899254a96b2db)] -> id: Password]
2022-12-20 11:49:47 INFO  RegisterPage :70 - Enter confirm password[[ChromeDriver: chrome on WINDOWS (5aaf792ecb4744d6b4c899254a96b2db)] -> id: ConfirmPassword]
2022-12-20 11:49:48 INFO  RegisterPage :84 - Click on registration button[[ChromeDriver: chrome on WINDOWS (5aaf792ecb4744d6b4c899254a96b2db)] -> id: register-button]
2022-12-20 11:49:49 INFO  RegisterPage :89 - Verify registration text[[ChromeDriver: chrome on WINDOWS (5aaf792ecb4744d6b4c899254a96b2db)] -> xpath: //div[text()='Your registration completed']]
2022-12-20 11:49:49 INFO  RegisterPage :94 - Click on continue tab[[ChromeDriver: chrome on WINDOWS (5aaf792ecb4744d6b4c899254a96b2db)] -> xpath: //a[text()='Continue']]
2022-12-20 11:49:49 INFO  CartPage :149 - Check shopping cart text[[ChromeDriver: chrome on WINDOWS (5aaf792ecb4744d6b4c899254a96b2db)] -> xpath: //h1[text()='Shopping cart']]
2022-12-20 11:51:01 INFO  HomePage :35 - Click on computer menu[[ChromeDriver: chrome on WINDOWS (15ad301dde12639c6d20c255f5fc9d5a)] -> xpath: //ul[1]/li/a[text()='Computers ']]
2022-12-20 11:51:01 INFO  ComputersPage :19 - Click on desktops[[ChromeDriver: chrome on WINDOWS (15ad301dde12639c6d20c255f5fc9d5a)] -> xpath: //img[@alt='Picture for category Desktops']]
2022-12-20 11:51:02 INFO  DesktopsPage :27 - Select sort Z to A[[ChromeDriver: chrome on WINDOWS (15ad301dde12639c6d20c255f5fc9d5a)] -> name: products-orderby]
2022-12-20 11:51:06 INFO  HomePage :45 - Hover on electronic[[ChromeDriver: chrome on WINDOWS (7ae290c07347d9ac5b21ec300b7de103)] -> xpath: //a[text()='Electronics ']]
2022-12-20 11:51:06 INFO  HomePage :50 - Click on cell phones[[ChromeDriver: chrome on WINDOWS (7ae290c07347d9ac5b21ec300b7de103)] -> xpath: //ul[1]/li[2]/ul[1]/li[2]/a[1]]
2022-12-20 11:51:07 INFO  CellPhonesPage :51 - Get cell phone text[[ChromeDriver: chrome on WINDOWS (7ae290c07347d9ac5b21ec300b7de103)] -> xpath: //h1[text()='Cell phones']]
2022-12-20 11:51:13 INFO  TopMenuPage :45 - Verify Computer text[[ChromeDriver: chrome on WINDOWS (6eb420f18300290080836c723b1058d1)] -> xpath: //a[@href='/computers']]
2022-12-20 11:53:58 INFO  HomePage :35 - Click on computer menu[[ChromeDriver: chrome on WINDOWS (e1f45d9ff5d258bf37f259df450a0383)] -> xpath: //ul[1]/li/a[text()='Computers ']]
2022-12-20 11:53:59 INFO  ComputersPage :19 - Click on desktops[[ChromeDriver: chrome on WINDOWS (e1f45d9ff5d258bf37f259df450a0383)] -> xpath: //img[@alt='Picture for category Desktops']]
2022-12-20 11:54:00 INFO  DesktopsPage :27 - Select sort Z to A[[ChromeDriver: chrome on WINDOWS (e1f45d9ff5d258bf37f259df450a0383)] -> name: products-orderby]
2022-12-20 11:54:03 INFO  HomePage :35 - Click on computer menu[[ChromeDriver: chrome on WINDOWS (d4f518a2d715a376e27e7a6b017404c7)] -> xpath: //ul[1]/li/a[text()='Computers ']]
2022-12-20 11:54:04 INFO  ComputersPage :19 - Click on desktops[[ChromeDriver: chrome on WINDOWS (d4f518a2d715a376e27e7a6b017404c7)] -> xpath: //img[@alt='Picture for category Desktops']]
2022-12-20 11:54:05 INFO  DesktopsPage :32 - Select sort A to Z[[ChromeDriver: chrome on WINDOWS (d4f518a2d715a376e27e7a6b017404c7)] -> name: products-orderby]
2022-12-20 11:54:10 INFO  DesktopsPage :37 - CLick on add to cart button[[ChromeDriver: chrome on WINDOWS (d4f518a2d715a376e27e7a6b017404c7)] -> xpath: //body/div[6]/div[3]/div[1]/div[3]/div[1]/div[2]/div[2]/div[2]/div[1]/div[1]/div[1]/div[1]/div[2]/div[3]/div[2]/button[1]]
2022-12-20 11:54:11 INFO  BuildYourOwnComputerPage :60 - Get build your own computer text[[ChromeDriver: chrome on WINDOWS (d4f518a2d715a376e27e7a6b017404c7)] -> xpath: //h1[text()='Build your own computer']]
2022-12-20 11:54:12 INFO  BuildYourOwnComputerPage :65 - Select processor[[ChromeDriver: chrome on WINDOWS (d4f518a2d715a376e27e7a6b017404c7)] -> name: product_attribute_1]
2022-12-20 11:54:12 INFO  BuildYourOwnComputerPage :70 - Select ram[[ChromeDriver: chrome on WINDOWS (d4f518a2d715a376e27e7a6b017404c7)] -> name: product_attribute_2]
2022-12-20 11:54:12 INFO  BuildYourOwnComputerPage :75 - Select hdd[[ChromeDriver: chrome on WINDOWS (d4f518a2d715a376e27e7a6b017404c7)] -> id: product_attribute_3_7]
2022-12-20 11:54:12 INFO  BuildYourOwnComputerPage :80 - Select vista premium Os[[ChromeDriver: chrome on WINDOWS (d4f518a2d715a376e27e7a6b017404c7)] -> id: product_attribute_4_9]
2022-12-20 11:54:12 INFO  BuildYourOwnComputerPage :85 - Click on total command[[ChromeDriver: chrome on WINDOWS (d4f518a2d715a376e27e7a6b017404c7)] -> id: product_attribute_5_12]
2022-12-20 11:54:17 INFO  BuildYourOwnComputerPage :90 - Get price[[ChromeDriver: chrome on WINDOWS (d4f518a2d715a376e27e7a6b017404c7)] -> id: price-value-1]
2022-12-20 11:54:17 INFO  BuildYourOwnComputerPage :95 - Click on add to cart[[ChromeDriver: chrome on WINDOWS (d4f518a2d715a376e27e7a6b017404c7)] -> id: add-to-cart-button-1]
2022-12-20 11:54:18 INFO  BuildYourOwnComputerPage :100 - Get product added text[[ChromeDriver: chrome on WINDOWS (d4f518a2d715a376e27e7a6b017404c7)] -> xpath: //body/div[@id='bar-notification']/div[1]/p[1]]
2022-12-20 11:54:18 INFO  BuildYourOwnComputerPage :105 - Click on close button[[ChromeDriver: chrome on WINDOWS (d4f518a2d715a376e27e7a6b017404c7)] -> xpath: //span[@class='close']]
2022-12-20 11:54:18 INFO  BuildYourOwnComputerPage :110 - Mouse hover on shopping cart[[ChromeDriver: chrome on WINDOWS (d4f518a2d715a376e27e7a6b017404c7)] -> xpath: //span[@class='cart-label']]
2022-12-20 11:54:18 INFO  BuildYourOwnComputerPage :115 - Click on go to cart button[[ChromeDriver: chrome on WINDOWS (d4f518a2d715a376e27e7a6b017404c7)] -> xpath: //button[contains(text(),'Go to cart')]]
2022-12-20 11:54:20 INFO  CartPage :73 - Get shopping cart text[[ChromeDriver: chrome on WINDOWS (d4f518a2d715a376e27e7a6b017404c7)] -> xpath: //h1[text()='Shopping cart']]
2022-12-20 11:54:20 INFO  CartPage :78 - Change quantity[[ChromeDriver: chrome on WINDOWS (d4f518a2d715a376e27e7a6b017404c7)] -> xpath: //input[@value='1']]
2022-12-20 11:54:20 INFO  CartPage :84 - Click on update cart[[ChromeDriver: chrome on WINDOWS (d4f518a2d715a376e27e7a6b017404c7)] -> id: updatecart]
2022-12-20 11:54:21 INFO  CartPage :89 - Get total[[ChromeDriver: chrome on WINDOWS (d4f518a2d715a376e27e7a6b017404c7)] -> xpath: //tbody/tr[1]/td[6]/span[1]]
2022-12-20 11:54:21 INFO  CartPage :94 - Click on check box[[ChromeDriver: chrome on WINDOWS (d4f518a2d715a376e27e7a6b017404c7)] -> id: termsofservice]
2022-12-20 11:54:21 INFO  CartPage :99 - Click on checkout button[[ChromeDriver: chrome on WINDOWS (d4f518a2d715a376e27e7a6b017404c7)] -> id: checkout]
2022-12-20 11:54:22 INFO  CartPage :104 - Get welcome text[[ChromeDriver: chrome on WINDOWS (d4f518a2d715a376e27e7a6b017404c7)] -> xpath: //h1[text()='Welcome, Please Sign In!']]
2022-12-20 11:54:22 INFO  CartPage :109 - Click on checkout as guest[[ChromeDriver: chrome on WINDOWS (d4f518a2d715a376e27e7a6b017404c7)] -> xpath: //button[@class='button-1 checkout-as-guest-button']]
2022-12-20 11:54:23 INFO  CheckoutPage :84 - Enter first name[[ChromeDriver: chrome on WINDOWS (d4f518a2d715a376e27e7a6b017404c7)] -> id: BillingNewAddress_FirstName]
2022-12-20 11:54:23 INFO  CheckoutPage :85 - Enter last name[[ChromeDriver: chrome on WINDOWS (d4f518a2d715a376e27e7a6b017404c7)] -> id: BillingNewAddress_LastName]
2022-12-20 11:54:23 INFO  CheckoutPage :86 - Enter email id[[ChromeDriver: chrome on WINDOWS (d4f518a2d715a376e27e7a6b017404c7)] -> id: BillingNewAddress_Email]
2022-12-20 11:54:23 INFO  CheckoutPage :87 - Select country[[ChromeDriver: chrome on WINDOWS (d4f518a2d715a376e27e7a6b017404c7)] -> id: BillingNewAddress_CountryId]
2022-12-20 11:54:23 INFO  CheckoutPage :88 - Select city[[ChromeDriver: chrome on WINDOWS (d4f518a2d715a376e27e7a6b017404c7)] -> id: BillingNewAddress_City]
2022-12-20 11:54:23 INFO  CheckoutPage :89 - Enter address[[ChromeDriver: chrome on WINDOWS (d4f518a2d715a376e27e7a6b017404c7)] -> id: BillingNewAddress_Address1]
2022-12-20 11:54:23 INFO  CheckoutPage :90 - Enter postcode[[ChromeDriver: chrome on WINDOWS (d4f518a2d715a376e27e7a6b017404c7)] -> id: BillingNewAddress_ZipPostalCode]
2022-12-20 11:54:23 INFO  CheckoutPage :91 - Enter phone number[[ChromeDriver: chrome on WINDOWS (d4f518a2d715a376e27e7a6b017404c7)] -> id: BillingNewAddress_PhoneNumber]
2022-12-20 11:54:23 INFO  CheckoutPage :92 - Click on continue button[[ChromeDriver: chrome on WINDOWS (d4f518a2d715a376e27e7a6b017404c7)] -> name: save]
2022-12-20 11:54:25 INFO  CheckoutPage :106 - Click on next day button[[ChromeDriver: chrome on WINDOWS (d4f518a2d715a376e27e7a6b017404c7)] -> id: shippingoption_1]
2022-12-20 11:54:25 INFO  CheckoutPage :111 - Click on continue[[ChromeDriver: chrome on WINDOWS (d4f518a2d715a376e27e7a6b017404c7)] -> xpath: //button[@onclick='ShippingMethod.save()']]
2022-12-20 11:54:25 INFO  PaymentPage :44 - CLick on credit card radio button[[ChromeDriver: chrome on WINDOWS (d4f518a2d715a376e27e7a6b017404c7)] -> id: paymentmethod_1]
2022-12-20 11:54:25 INFO  PaymentPage :49 - Click on continue[[ChromeDriver: chrome on WINDOWS (d4f518a2d715a376e27e7a6b017404c7)] -> xpath: //li[4]/div[2]/div[1]/button[1]]
2022-12-20 11:54:26 INFO  PaymentPage :54 - Select master card[[ChromeDriver: chrome on WINDOWS (d4f518a2d715a376e27e7a6b017404c7)] -> id: CreditCardType]
2022-12-20 11:54:26 INFO  PaymentPage :59 - Enter card holder name[[ChromeDriver: chrome on WINDOWS (d4f518a2d715a376e27e7a6b017404c7)] -> id: CardholderName]
2022-12-20 11:54:26 INFO  PaymentPage :60 - Enter card number[[ChromeDriver: chrome on WINDOWS (d4f518a2d715a376e27e7a6b017404c7)] -> id: CardNumber]
2022-12-20 11:54:26 INFO  PaymentPage :61 - Select expire month[[ChromeDriver: chrome on WINDOWS (d4f518a2d715a376e27e7a6b017404c7)] -> id: ExpireMonth]
2022-12-20 11:54:26 INFO  PaymentPage :62 - Select expire year[[ChromeDriver: chrome on WINDOWS (d4f518a2d715a376e27e7a6b017404c7)] -> id: ExpireYear]
2022-12-20 11:54:26 INFO  PaymentPage :63 - Enter card code[[ChromeDriver: chrome on WINDOWS (d4f518a2d715a376e27e7a6b017404c7)] -> id: CardCode]
2022-12-20 11:54:26 INFO  PaymentPage :64 - Click on continue button[[ChromeDriver: chrome on WINDOWS (d4f518a2d715a376e27e7a6b017404c7)] -> xpath: //li[5]/div[2]/div[1]/button[1]]
2022-12-20 11:54:27 INFO  ConfirmOrderPage :57 - Get credit card text[[ChromeDriver: chrome on WINDOWS (d4f518a2d715a376e27e7a6b017404c7)] -> xpath: //span[contains(text(),'Credit Card')]]
2022-12-20 11:54:27 INFO  ConfirmOrderPage :62 - Get next day air text[[ChromeDriver: chrome on WINDOWS (d4f518a2d715a376e27e7a6b017404c7)] -> xpath: //body/div[6]/div[3]/div[1]/div[1]/div[1]/div[2]/ol[1]/li[6]/div[2]/div[1]/div[1]/div[1]/div[1]/div[1]/div[2]/div[2]/ul[1]/li[1]/span[2]]
2022-12-20 11:54:27 INFO  ConfirmOrderPage :67 - Click on confirm button[[ChromeDriver: chrome on WINDOWS (d4f518a2d715a376e27e7a6b017404c7)] -> xpath: //button[contains(text(),'Confirm')]]
2022-12-20 11:54:28 INFO  ConfirmOrderPage :72 - Get thank you text[[ChromeDriver: chrome on WINDOWS (d4f518a2d715a376e27e7a6b017404c7)] -> xpath: //h1[contains(text(),'Thank you')]]
2022-12-20 11:54:28 INFO  ConfirmOrderPage :77 - Get success message[[ChromeDriver: chrome on WINDOWS (d4f518a2d715a376e27e7a6b017404c7)] -> xpath: //strong[contains(text(),'Your order has been successfully processed!')]]
2022-12-20 11:54:28 INFO  ConfirmOrderPage :82 - Click on continue button[[ChromeDriver: chrome on WINDOWS (d4f518a2d715a376e27e7a6b017404c7)] -> xpath: //button[contains(text(),'Continue')]]
2022-12-20 11:54:29 INFO  HomePage :40 - Get welcome to store text[[ChromeDriver: chrome on WINDOWS (d4f518a2d715a376e27e7a6b017404c7)] -> xpath: //h2[contains(text(),'Welcome to our store')]]
2022-12-20 11:54:33 INFO  HomePage :45 - Hover on electronic[[ChromeDriver: chrome on WINDOWS (ff0e3b32fecb00d68ba3f866f9a3651c)] -> xpath: //a[text()='Electronics ']]
2022-12-20 11:54:33 INFO  HomePage :50 - Click on cell phones[[ChromeDriver: chrome on WINDOWS (ff0e3b32fecb00d68ba3f866f9a3651c)] -> xpath: //ul[1]/li[2]/ul[1]/li[2]/a[1]]
2022-12-20 11:54:35 INFO  CellPhonesPage :51 - Get cell phone text[[ChromeDriver: chrome on WINDOWS (ff0e3b32fecb00d68ba3f866f9a3651c)] -> xpath: //h1[text()='Cell phones']]
2022-12-20 11:54:39 INFO  HomePage :45 - Hover on electronic[[ChromeDriver: chrome on WINDOWS (135db3f74c4d4a7b479aeec0cfad5e1a)] -> xpath: //a[text()='Electronics ']]
2022-12-20 11:54:39 INFO  HomePage :50 - Click on cell phones[[ChromeDriver: chrome on WINDOWS (135db3f74c4d4a7b479aeec0cfad5e1a)] -> xpath: //ul[1]/li[2]/ul[1]/li[2]/a[1]]
2022-12-20 11:54:40 INFO  CellPhonesPage :51 - Get cell phone text[[ChromeDriver: chrome on WINDOWS (135db3f74c4d4a7b479aeec0cfad5e1a)] -> xpath: //h1[text()='Cell phones']]
2022-12-20 11:54:41 INFO  CellPhonesPage :56 - Click on list view tab[[ChromeDriver: chrome on WINDOWS (135db3f74c4d4a7b479aeec0cfad5e1a)] -> xpath: //a[contains(text(),'List')]]
2022-12-20 11:54:46 INFO  CellPhonesPage :61 - Click on nokia lumia product[[ChromeDriver: chrome on WINDOWS (135db3f74c4d4a7b479aeec0cfad5e1a)] -> xpath: //div[3]/div[1]/div[2]/h2[1]/a]
2022-12-20 11:54:46 INFO  CellPhonesPage :66 - Verify nokia lumia text[[ChromeDriver: chrome on WINDOWS (135db3f74c4d4a7b479aeec0cfad5e1a)] -> xpath: //h1[text()='Nokia Lumia 1020']]
2022-12-20 11:54:46 INFO  CellPhonesPage :71 - Verify price[[ChromeDriver: chrome on WINDOWS (135db3f74c4d4a7b479aeec0cfad5e1a)] -> id: price-value-20]
2022-12-20 11:54:47 INFO  CellPhonesPage :76 - Change quantity[[ChromeDriver: chrome on WINDOWS (135db3f74c4d4a7b479aeec0cfad5e1a)] -> name: addtocart_20.EnteredQuantity]
2022-12-20 11:54:47 INFO  CellPhonesPage :82 - Click on add to cart[[ChromeDriver: chrome on WINDOWS (135db3f74c4d4a7b479aeec0cfad5e1a)] -> id: add-to-cart-button-20]
2022-12-20 11:54:47 INFO  CellPhonesPage :87 - Verify product added in shopping cart text[[ChromeDriver: chrome on WINDOWS (135db3f74c4d4a7b479aeec0cfad5e1a)] -> xpath: //body/div[@id='bar-notification']/div[1]/p[1]]
2022-12-20 11:54:47 INFO  CellPhonesPage :92 - Click on close button[[ChromeDriver: chrome on WINDOWS (135db3f74c4d4a7b479aeec0cfad5e1a)] -> xpath: //span[@title='Close']]
2022-12-20 11:54:47 INFO  CellPhonesPage :97 - Mouse hover on shopping cart[[ChromeDriver: chrome on WINDOWS (135db3f74c4d4a7b479aeec0cfad5e1a)] -> xpath: //span[text()='Shopping cart']]
2022-12-20 11:54:47 INFO  CellPhonesPage :98 - Click on go to cart[[ChromeDriver: chrome on WINDOWS (135db3f74c4d4a7b479aeec0cfad5e1a)] -> xpath: //button[text()='Go to cart']]
2022-12-20 11:54:49 INFO  CartPage :114 - Verify shopping cart text[[ChromeDriver: chrome on WINDOWS (135db3f74c4d4a7b479aeec0cfad5e1a)] -> xpath: //h1[text()='Shopping cart']]
2022-12-20 11:54:49 INFO  CartPage :119 - Verify quantity[[ChromeDriver: chrome on WINDOWS (135db3f74c4d4a7b479aeec0cfad5e1a)] -> xpath: //span[contains(text(),'(2)')]]
2022-12-20 11:54:49 INFO  CartPage :124 - Verify total[[ChromeDriver: chrome on WINDOWS (135db3f74c4d4a7b479aeec0cfad5e1a)] -> xpath: //tbody/tr[1]/td[6]/span[1]]
2022-12-20 11:54:49 INFO  CartPage :94 - Click on check box[[ChromeDriver: chrome on WINDOWS (135db3f74c4d4a7b479aeec0cfad5e1a)] -> id: termsofservice]
2022-12-20 11:54:49 INFO  CartPage :99 - Click on checkout button[[ChromeDriver: chrome on WINDOWS (135db3f74c4d4a7b479aeec0cfad5e1a)] -> id: checkout]
2022-12-20 11:54:49 INFO  CartPage :139 - Verify welcome message[[ChromeDriver: chrome on WINDOWS (135db3f74c4d4a7b479aeec0cfad5e1a)] -> xpath: //h1[text()='Welcome, Please Sign In!']]
2022-12-20 11:54:49 INFO  CartPage :144 - Click on register tab[[ChromeDriver: chrome on WINDOWS (135db3f74c4d4a7b479aeec0cfad5e1a)] -> xpath: //button[text()='Register']]
2022-12-20 11:54:50 INFO  RegisterPage :57 - Verify register text[[ChromeDriver: chrome on WINDOWS (135db3f74c4d4a7b479aeec0cfad5e1a)] -> xpath: //h1[text()='Register']]
2022-12-20 11:54:50 INFO  RegisterPage :62 - Click on gender[[ChromeDriver: chrome on WINDOWS (135db3f74c4d4a7b479aeec0cfad5e1a)] -> id: gender-male]
2022-12-20 11:54:50 INFO  RegisterPage :63 - Enter first name[[ChromeDriver: chrome on WINDOWS (135db3f74c4d4a7b479aeec0cfad5e1a)] -> id: FirstName]
2022-12-20 11:54:50 INFO  RegisterPage :64 - Enter last name[[ChromeDriver: chrome on WINDOWS (135db3f74c4d4a7b479aeec0cfad5e1a)] -> id: LastName]
2022-12-20 11:54:50 INFO  RegisterPage :65 - Select day[[ChromeDriver: chrome on WINDOWS (135db3f74c4d4a7b479aeec0cfad5e1a)] -> name: DateOfBirthDay]
2022-12-20 11:54:50 INFO  RegisterPage :66 - Select month[[ChromeDriver: chrome on WINDOWS (135db3f74c4d4a7b479aeec0cfad5e1a)] -> name: DateOfBirthMonth]
2022-12-20 11:54:50 INFO  RegisterPage :67 - Select year[[ChromeDriver: chrome on WINDOWS (135db3f74c4d4a7b479aeec0cfad5e1a)] -> name: DateOfBirthYear]
2022-12-20 11:54:50 INFO  RegisterPage :68 - Enter email[[ChromeDriver: chrome on WINDOWS (135db3f74c4d4a7b479aeec0cfad5e1a)] -> id: Email]
2022-12-20 11:54:50 INFO  RegisterPage :69 - Enter password[[ChromeDriver: chrome on WINDOWS (135db3f74c4d4a7b479aeec0cfad5e1a)] -> id: Password]
2022-12-20 11:54:50 INFO  RegisterPage :70 - Enter confirm password[[ChromeDriver: chrome on WINDOWS (135db3f74c4d4a7b479aeec0cfad5e1a)] -> id: ConfirmPassword]
2022-12-20 11:54:50 INFO  RegisterPage :84 - Click on registration button[[ChromeDriver: chrome on WINDOWS (135db3f74c4d4a7b479aeec0cfad5e1a)] -> id: register-button]
2022-12-20 11:55:11 INFO  RegisterPage :89 - Verify registration textProxy element for: DefaultElementLocator 'By.xpath: //div[text()='Your registration completed']'
2022-12-20 11:55:35 INFO  TopMenuPage :45 - Verify Computer text[[ChromeDriver: chrome on WINDOWS (deead7ff07582ccd5c4f93d54e2a2199)] -> xpath: //a[@href='/computers']]
2022-12-20 11:55:39 INFO  TopMenuPage :50 - Verify electronics text[[ChromeDriver: chrome on WINDOWS (52cc872b97b4297f7ba3fdb17f846bdd)] -> xpath: //a[@href='/electronics']]
2022-12-20 11:55:44 INFO  TopMenuPage :55 - Verify apparel text[[ChromeDriver: chrome on WINDOWS (e370a54aefa385a2b22a7e2f833e8470)] -> xpath: //a[@href='/apparel']]
2022-12-20 11:57:36 INFO  HomePage :35 - Click on computer menu[[ChromeDriver: chrome on WINDOWS (00c7c41eed4819f2ab96406f887d2437)] -> xpath: //ul[1]/li/a[text()='Computers ']]
2022-12-20 11:57:37 INFO  ComputersPage :19 - Click on desktops[[ChromeDriver: chrome on WINDOWS (00c7c41eed4819f2ab96406f887d2437)] -> xpath: //img[@alt='Picture for category Desktops']]
2022-12-20 11:57:38 INFO  DesktopsPage :27 - Select sort Z to A[[ChromeDriver: chrome on WINDOWS (00c7c41eed4819f2ab96406f887d2437)] -> name: products-orderby]
2022-12-20 11:57:41 INFO  HomePage :35 - Click on computer menu[[ChromeDriver: chrome on WINDOWS (1a671f74f2f26a5a222e54d07b191a16)] -> xpath: //ul[1]/li/a[text()='Computers ']]
2022-12-20 11:57:42 INFO  ComputersPage :19 - Click on desktops[[ChromeDriver: chrome on WINDOWS (1a671f74f2f26a5a222e54d07b191a16)] -> xpath: //img[@alt='Picture for category Desktops']]
2022-12-20 11:57:42 INFO  DesktopsPage :32 - Select sort A to Z[[ChromeDriver: chrome on WINDOWS (1a671f74f2f26a5a222e54d07b191a16)] -> name: products-orderby]
2022-12-20 11:57:47 INFO  DesktopsPage :37 - CLick on add to cart button[[ChromeDriver: chrome on WINDOWS (1a671f74f2f26a5a222e54d07b191a16)] -> xpath: //body/div[6]/div[3]/div[1]/div[3]/div[1]/div[2]/div[2]/div[2]/div[1]/div[1]/div[1]/div[1]/div[2]/div[3]/div[2]/button[1]]
2022-12-20 11:57:48 INFO  BuildYourOwnComputerPage :60 - Get build your own computer text[[ChromeDriver: chrome on WINDOWS (1a671f74f2f26a5a222e54d07b191a16)] -> xpath: //h1[text()='Build your own computer']]
2022-12-20 11:57:49 INFO  BuildYourOwnComputerPage :65 - Select processor[[ChromeDriver: chrome on WINDOWS (1a671f74f2f26a5a222e54d07b191a16)] -> name: product_attribute_1]
2022-12-20 11:57:49 INFO  BuildYourOwnComputerPage :70 - Select ram[[ChromeDriver: chrome on WINDOWS (1a671f74f2f26a5a222e54d07b191a16)] -> name: product_attribute_2]
2022-12-20 11:57:49 INFO  BuildYourOwnComputerPage :75 - Select hdd[[ChromeDriver: chrome on WINDOWS (1a671f74f2f26a5a222e54d07b191a16)] -> id: product_attribute_3_7]
2022-12-20 11:57:49 INFO  BuildYourOwnComputerPage :80 - Select vista premium Os[[ChromeDriver: chrome on WINDOWS (1a671f74f2f26a5a222e54d07b191a16)] -> id: product_attribute_4_9]
2022-12-20 11:57:49 INFO  BuildYourOwnComputerPage :85 - Click on total command[[ChromeDriver: chrome on WINDOWS (1a671f74f2f26a5a222e54d07b191a16)] -> id: product_attribute_5_12]
2022-12-20 11:57:54 INFO  BuildYourOwnComputerPage :90 - Get price[[ChromeDriver: chrome on WINDOWS (1a671f74f2f26a5a222e54d07b191a16)] -> id: price-value-1]
2022-12-20 11:57:54 INFO  BuildYourOwnComputerPage :95 - Click on add to cart[[ChromeDriver: chrome on WINDOWS (1a671f74f2f26a5a222e54d07b191a16)] -> id: add-to-cart-button-1]
2022-12-20 11:57:55 INFO  BuildYourOwnComputerPage :100 - Get product added text[[ChromeDriver: chrome on WINDOWS (1a671f74f2f26a5a222e54d07b191a16)] -> xpath: //body/div[@id='bar-notification']/div[1]/p[1]]
2022-12-20 11:57:55 INFO  BuildYourOwnComputerPage :105 - Click on close button[[ChromeDriver: chrome on WINDOWS (1a671f74f2f26a5a222e54d07b191a16)] -> xpath: //span[@class='close']]
2022-12-20 11:57:55 INFO  BuildYourOwnComputerPage :110 - Mouse hover on shopping cart[[ChromeDriver: chrome on WINDOWS (1a671f74f2f26a5a222e54d07b191a16)] -> xpath: //span[@class='cart-label']]
2022-12-20 11:57:55 INFO  BuildYourOwnComputerPage :115 - Click on go to cart button[[ChromeDriver: chrome on WINDOWS (1a671f74f2f26a5a222e54d07b191a16)] -> xpath: //button[contains(text(),'Go to cart')]]
2022-12-20 11:57:57 INFO  CartPage :73 - Get shopping cart text[[ChromeDriver: chrome on WINDOWS (1a671f74f2f26a5a222e54d07b191a16)] -> xpath: //h1[text()='Shopping cart']]
2022-12-20 11:57:57 INFO  CartPage :78 - Change quantity[[ChromeDriver: chrome on WINDOWS (1a671f74f2f26a5a222e54d07b191a16)] -> xpath: //input[@value='1']]
2022-12-20 11:57:58 INFO  CartPage :84 - Click on update cart[[ChromeDriver: chrome on WINDOWS (1a671f74f2f26a5a222e54d07b191a16)] -> id: updatecart]
2022-12-20 11:57:58 INFO  CartPage :89 - Get total[[ChromeDriver: chrome on WINDOWS (1a671f74f2f26a5a222e54d07b191a16)] -> xpath: //tbody/tr[1]/td[6]/span[1]]
2022-12-20 11:57:58 INFO  CartPage :94 - Click on check box[[ChromeDriver: chrome on WINDOWS (1a671f74f2f26a5a222e54d07b191a16)] -> id: termsofservice]
2022-12-20 11:57:59 INFO  CartPage :99 - Click on checkout button[[ChromeDriver: chrome on WINDOWS (1a671f74f2f26a5a222e54d07b191a16)] -> id: checkout]
2022-12-20 11:57:59 INFO  CartPage :104 - Get welcome text[[ChromeDriver: chrome on WINDOWS (1a671f74f2f26a5a222e54d07b191a16)] -> xpath: //h1[text()='Welcome, Please Sign In!']]
2022-12-20 11:57:59 INFO  CartPage :109 - Click on checkout as guest[[ChromeDriver: chrome on WINDOWS (1a671f74f2f26a5a222e54d07b191a16)] -> xpath: //button[@class='button-1 checkout-as-guest-button']]
2022-12-20 11:58:00 INFO  CheckoutPage :84 - Enter first name[[ChromeDriver: chrome on WINDOWS (1a671f74f2f26a5a222e54d07b191a16)] -> id: BillingNewAddress_FirstName]
2022-12-20 11:58:00 INFO  CheckoutPage :85 - Enter last name[[ChromeDriver: chrome on WINDOWS (1a671f74f2f26a5a222e54d07b191a16)] -> id: BillingNewAddress_LastName]
2022-12-20 11:58:00 INFO  CheckoutPage :86 - Enter email id[[ChromeDriver: chrome on WINDOWS (1a671f74f2f26a5a222e54d07b191a16)] -> id: BillingNewAddress_Email]
2022-12-20 11:58:00 INFO  CheckoutPage :87 - Select country[[ChromeDriver: chrome on WINDOWS (1a671f74f2f26a5a222e54d07b191a16)] -> id: BillingNewAddress_CountryId]
2022-12-20 11:58:00 INFO  CheckoutPage :88 - Select city[[ChromeDriver: chrome on WINDOWS (1a671f74f2f26a5a222e54d07b191a16)] -> id: BillingNewAddress_City]
2022-12-20 11:58:00 INFO  CheckoutPage :89 - Enter address[[ChromeDriver: chrome on WINDOWS (1a671f74f2f26a5a222e54d07b191a16)] -> id: BillingNewAddress_Address1]
2022-12-20 11:58:01 INFO  CheckoutPage :90 - Enter postcode[[ChromeDriver: chrome on WINDOWS (1a671f74f2f26a5a222e54d07b191a16)] -> id: BillingNewAddress_ZipPostalCode]
2022-12-20 11:58:01 INFO  CheckoutPage :91 - Enter phone number[[ChromeDriver: chrome on WINDOWS (1a671f74f2f26a5a222e54d07b191a16)] -> id: BillingNewAddress_PhoneNumber]
2022-12-20 11:58:01 INFO  CheckoutPage :92 - Click on continue button[[ChromeDriver: chrome on WINDOWS (1a671f74f2f26a5a222e54d07b191a16)] -> name: save]
2022-12-20 11:58:02 INFO  CheckoutPage :106 - Click on next day button[[ChromeDriver: chrome on WINDOWS (1a671f74f2f26a5a222e54d07b191a16)] -> id: shippingoption_1]
2022-12-20 11:58:02 INFO  CheckoutPage :111 - Click on continue[[ChromeDriver: chrome on WINDOWS (1a671f74f2f26a5a222e54d07b191a16)] -> xpath: //button[@onclick='ShippingMethod.save()']]
2022-12-20 11:58:03 INFO  PaymentPage :44 - CLick on credit card radio button[[ChromeDriver: chrome on WINDOWS (1a671f74f2f26a5a222e54d07b191a16)] -> id: paymentmethod_1]
2022-12-20 11:58:03 INFO  PaymentPage :49 - Click on continue[[ChromeDriver: chrome on WINDOWS (1a671f74f2f26a5a222e54d07b191a16)] -> xpath: //li[4]/div[2]/div[1]/button[1]]
2022-12-20 11:58:03 INFO  PaymentPage :54 - Select master card[[ChromeDriver: chrome on WINDOWS (1a671f74f2f26a5a222e54d07b191a16)] -> id: CreditCardType]
2022-12-20 11:58:03 INFO  PaymentPage :59 - Enter card holder name[[ChromeDriver: chrome on WINDOWS (1a671f74f2f26a5a222e54d07b191a16)] -> id: CardholderName]
2022-12-20 11:58:03 INFO  PaymentPage :60 - Enter card number[[ChromeDriver: chrome on WINDOWS (1a671f74f2f26a5a222e54d07b191a16)] -> id: CardNumber]
2022-12-20 11:58:03 INFO  PaymentPage :61 - Select expire month[[ChromeDriver: chrome on WINDOWS (1a671f74f2f26a5a222e54d07b191a16)] -> id: ExpireMonth]
2022-12-20 11:58:03 INFO  PaymentPage :62 - Select expire year[[ChromeDriver: chrome on WINDOWS (1a671f74f2f26a5a222e54d07b191a16)] -> id: ExpireYear]
2022-12-20 11:58:03 INFO  PaymentPage :63 - Enter card code[[ChromeDriver: chrome on WINDOWS (1a671f74f2f26a5a222e54d07b191a16)] -> id: CardCode]
2022-12-20 11:58:03 INFO  PaymentPage :64 - Click on continue button[[ChromeDriver: chrome on WINDOWS (1a671f74f2f26a5a222e54d07b191a16)] -> xpath: //li[5]/div[2]/div[1]/button[1]]
2022-12-20 11:58:04 INFO  ConfirmOrderPage :57 - Get credit card text[[ChromeDriver: chrome on WINDOWS (1a671f74f2f26a5a222e54d07b191a16)] -> xpath: //span[contains(text(),'Credit Card')]]
2022-12-20 11:58:04 INFO  ConfirmOrderPage :62 - Get next day air text[[ChromeDriver: chrome on WINDOWS (1a671f74f2f26a5a222e54d07b191a16)] -> xpath: //body/div[6]/div[3]/div[1]/div[1]/div[1]/div[2]/ol[1]/li[6]/div[2]/div[1]/div[1]/div[1]/div[1]/div[1]/div[2]/div[2]/ul[1]/li[1]/span[2]]
2022-12-20 11:58:05 INFO  ConfirmOrderPage :67 - Click on confirm button[[ChromeDriver: chrome on WINDOWS (1a671f74f2f26a5a222e54d07b191a16)] -> xpath: //button[contains(text(),'Confirm')]]
2022-12-20 11:58:05 INFO  ConfirmOrderPage :72 - Get thank you text[[ChromeDriver: chrome on WINDOWS (1a671f74f2f26a5a222e54d07b191a16)] -> xpath: //h1[contains(text(),'Thank you')]]
2022-12-20 11:58:05 INFO  ConfirmOrderPage :77 - Get success message[[ChromeDriver: chrome on WINDOWS (1a671f74f2f26a5a222e54d07b191a16)] -> xpath: //strong[contains(text(),'Your order has been successfully processed!')]]
2022-12-20 11:58:05 INFO  ConfirmOrderPage :82 - Click on continue button[[ChromeDriver: chrome on WINDOWS (1a671f74f2f26a5a222e54d07b191a16)] -> xpath: //button[contains(text(),'Continue')]]
2022-12-20 11:58:06 INFO  HomePage :40 - Get welcome to store text[[ChromeDriver: chrome on WINDOWS (1a671f74f2f26a5a222e54d07b191a16)] -> xpath: //h2[contains(text(),'Welcome to our store')]]
2022-12-20 11:58:11 INFO  HomePage :45 - Hover on electronic[[ChromeDriver: chrome on WINDOWS (934decf5bc6efd62036b64fb7d0a663b)] -> xpath: //a[text()='Electronics ']]
2022-12-20 11:58:11 INFO  HomePage :50 - Click on cell phones[[ChromeDriver: chrome on WINDOWS (934decf5bc6efd62036b64fb7d0a663b)] -> xpath: //ul[1]/li[2]/ul[1]/li[2]/a[1]]
2022-12-20 11:58:11 INFO  CellPhonesPage :51 - Get cell phone text[[ChromeDriver: chrome on WINDOWS (934decf5bc6efd62036b64fb7d0a663b)] -> xpath: //h1[text()='Cell phones']]
2022-12-20 11:58:15 INFO  HomePage :45 - Hover on electronic[[ChromeDriver: chrome on WINDOWS (1f2fc67f3e12eb494375712210d9bb49)] -> xpath: //a[text()='Electronics ']]
2022-12-20 11:58:16 INFO  HomePage :50 - Click on cell phones[[ChromeDriver: chrome on WINDOWS (1f2fc67f3e12eb494375712210d9bb49)] -> xpath: //ul[1]/li[2]/ul[1]/li[2]/a[1]]
2022-12-20 11:58:17 INFO  CellPhonesPage :51 - Get cell phone text[[ChromeDriver: chrome on WINDOWS (1f2fc67f3e12eb494375712210d9bb49)] -> xpath: //h1[text()='Cell phones']]
2022-12-20 11:58:17 INFO  CellPhonesPage :56 - Click on list view tab[[ChromeDriver: chrome on WINDOWS (1f2fc67f3e12eb494375712210d9bb49)] -> xpath: //a[contains(text(),'List')]]
2022-12-20 11:58:22 INFO  CellPhonesPage :61 - Click on nokia lumia product[[ChromeDriver: chrome on WINDOWS (1f2fc67f3e12eb494375712210d9bb49)] -> xpath: //div[3]/div[1]/div[2]/h2[1]/a]
2022-12-20 11:58:23 INFO  CellPhonesPage :66 - Verify nokia lumia text[[ChromeDriver: chrome on WINDOWS (1f2fc67f3e12eb494375712210d9bb49)] -> xpath: //h1[text()='Nokia Lumia 1020']]
2022-12-20 11:58:23 INFO  CellPhonesPage :71 - Verify price[[ChromeDriver: chrome on WINDOWS (1f2fc67f3e12eb494375712210d9bb49)] -> id: price-value-20]
2022-12-20 11:58:23 INFO  CellPhonesPage :76 - Change quantity[[ChromeDriver: chrome on WINDOWS (1f2fc67f3e12eb494375712210d9bb49)] -> name: addtocart_20.EnteredQuantity]
2022-12-20 11:58:23 INFO  CellPhonesPage :82 - Click on add to cart[[ChromeDriver: chrome on WINDOWS (1f2fc67f3e12eb494375712210d9bb49)] -> id: add-to-cart-button-20]
2022-12-20 11:58:23 INFO  CellPhonesPage :87 - Verify product added in shopping cart text[[ChromeDriver: chrome on WINDOWS (1f2fc67f3e12eb494375712210d9bb49)] -> xpath: //body/div[@id='bar-notification']/div[1]/p[1]]
2022-12-20 11:58:23 INFO  CellPhonesPage :92 - Click on close button[[ChromeDriver: chrome on WINDOWS (1f2fc67f3e12eb494375712210d9bb49)] -> xpath: //span[@title='Close']]
2022-12-20 11:58:23 INFO  CellPhonesPage :97 - Mouse hover on shopping cart[[ChromeDriver: chrome on WINDOWS (1f2fc67f3e12eb494375712210d9bb49)] -> xpath: //span[text()='Shopping cart']]
2022-12-20 11:58:23 INFO  CellPhonesPage :98 - Click on go to cart[[ChromeDriver: chrome on WINDOWS (1f2fc67f3e12eb494375712210d9bb49)] -> xpath: //button[text()='Go to cart']]
2022-12-20 11:58:25 INFO  CartPage :114 - Verify shopping cart text[[ChromeDriver: chrome on WINDOWS (1f2fc67f3e12eb494375712210d9bb49)] -> xpath: //h1[text()='Shopping cart']]
2022-12-20 11:58:25 INFO  CartPage :119 - Verify quantity[[ChromeDriver: chrome on WINDOWS (1f2fc67f3e12eb494375712210d9bb49)] -> xpath: //span[contains(text(),'(2)')]]
2022-12-20 11:58:25 INFO  CartPage :124 - Verify total[[ChromeDriver: chrome on WINDOWS (1f2fc67f3e12eb494375712210d9bb49)] -> xpath: //tbody/tr[1]/td[6]/span[1]]
2022-12-20 11:58:25 INFO  CartPage :94 - Click on check box[[ChromeDriver: chrome on WINDOWS (1f2fc67f3e12eb494375712210d9bb49)] -> id: termsofservice]
2022-12-20 11:58:25 INFO  CartPage :99 - Click on checkout button[[ChromeDriver: chrome on WINDOWS (1f2fc67f3e12eb494375712210d9bb49)] -> id: checkout]
2022-12-20 11:58:26 INFO  CartPage :139 - Verify welcome message[[ChromeDriver: chrome on WINDOWS (1f2fc67f3e12eb494375712210d9bb49)] -> xpath: //h1[text()='Welcome, Please Sign In!']]
2022-12-20 11:58:26 INFO  CartPage :144 - Click on register tab[[ChromeDriver: chrome on WINDOWS (1f2fc67f3e12eb494375712210d9bb49)] -> xpath: //button[text()='Register']]
2022-12-20 11:58:26 INFO  RegisterPage :57 - Verify register text[[ChromeDriver: chrome on WINDOWS (1f2fc67f3e12eb494375712210d9bb49)] -> xpath: //h1[text()='Register']]
2022-12-20 11:58:27 INFO  RegisterPage :62 - Click on gender[[ChromeDriver: chrome on WINDOWS (1f2fc67f3e12eb494375712210d9bb49)] -> id: gender-male]
2022-12-20 11:58:27 INFO  RegisterPage :63 - Enter first name[[ChromeDriver: chrome on WINDOWS (1f2fc67f3e12eb494375712210d9bb49)] -> id: FirstName]
2022-12-20 11:58:27 INFO  RegisterPage :64 - Enter last name[[ChromeDriver: chrome on WINDOWS (1f2fc67f3e12eb494375712210d9bb49)] -> id: LastName]
2022-12-20 11:58:27 INFO  RegisterPage :65 - Select day[[ChromeDriver: chrome on WINDOWS (1f2fc67f3e12eb494375712210d9bb49)] -> name: DateOfBirthDay]
2022-12-20 11:58:27 INFO  RegisterPage :66 - Select month[[ChromeDriver: chrome on WINDOWS (1f2fc67f3e12eb494375712210d9bb49)] -> name: DateOfBirthMonth]
2022-12-20 11:58:27 INFO  RegisterPage :67 - Select year[[ChromeDriver: chrome on WINDOWS (1f2fc67f3e12eb494375712210d9bb49)] -> name: DateOfBirthYear]
2022-12-20 11:58:27 INFO  RegisterPage :68 - Enter email[[ChromeDriver: chrome on WINDOWS (1f2fc67f3e12eb494375712210d9bb49)] -> id: Email]
2022-12-20 11:58:27 INFO  RegisterPage :69 - Enter password[[ChromeDriver: chrome on WINDOWS (1f2fc67f3e12eb494375712210d9bb49)] -> id: Password]
2022-12-20 11:58:27 INFO  RegisterPage :70 - Enter confirm password[[ChromeDriver: chrome on WINDOWS (1f2fc67f3e12eb494375712210d9bb49)] -> id: ConfirmPassword]
2022-12-20 11:58:28 INFO  RegisterPage :84 - Click on registration button[[ChromeDriver: chrome on WINDOWS (1f2fc67f3e12eb494375712210d9bb49)] -> id: register-button]
2022-12-20 11:58:28 INFO  RegisterPage :89 - Verify registration text[[ChromeDriver: chrome on WINDOWS (1f2fc67f3e12eb494375712210d9bb49)] -> xpath: //div[text()='Your registration completed']]
2022-12-20 11:58:29 INFO  RegisterPage :94 - Click on continue tab[[ChromeDriver: chrome on WINDOWS (1f2fc67f3e12eb494375712210d9bb49)] -> xpath: //a[text()='Continue']]
2022-12-20 11:58:29 INFO  CartPage :149 - Check shopping cart text[[ChromeDriver: chrome on WINDOWS (1f2fc67f3e12eb494375712210d9bb49)] -> xpath: //h1[text()='Shopping cart']]
2022-12-20 11:59:01 INFO  TopMenuPage :45 - Verify Computer text[[ChromeDriver: chrome on WINDOWS (eca51745ee3c5ac5d36b303617b8192a)] -> xpath: //a[@href='/computers']]
2022-12-20 11:59:07 INFO  TopMenuPage :50 - Verify electronics text[[ChromeDriver: chrome on WINDOWS (ea5fe0302097df29e932df7ad480fd5c)] -> xpath: //a[@href='/electronics']]
2022-12-20 11:59:13 INFO  TopMenuPage :55 - Verify apparel text[[ChromeDriver: chrome on WINDOWS (e7bee75b8951da7adb3c091c3931745a)] -> xpath: //a[@href='/apparel']]
2022-12-20 12:00:26 INFO  HomePage :35 - Click on computer menu[[ChromeDriver: chrome on WINDOWS (d129d40d27f78c59d1f27e96f1cad5cf)] -> xpath: //ul[1]/li/a[text()='Computers ']]
2022-12-20 12:00:27 INFO  ComputersPage :19 - Click on desktops[[ChromeDriver: chrome on WINDOWS (d129d40d27f78c59d1f27e96f1cad5cf)] -> xpath: //img[@alt='Picture for category Desktops']]
2022-12-20 12:00:28 INFO  DesktopsPage :27 - Select sort Z to A[[ChromeDriver: chrome on WINDOWS (d129d40d27f78c59d1f27e96f1cad5cf)] -> name: products-orderby]
2022-12-20 12:00:31 INFO  HomePage :45 - Hover on electronic[[ChromeDriver: chrome on WINDOWS (f6d795ff17f5b63fc9ecdf5caa057f41)] -> xpath: //a[text()='Electronics ']]
2022-12-20 12:00:31 INFO  HomePage :50 - Click on cell phones[[ChromeDriver: chrome on WINDOWS (f6d795ff17f5b63fc9ecdf5caa057f41)] -> xpath: //ul[1]/li[2]/ul[1]/li[2]/a[1]]
2022-12-20 12:00:32 INFO  CellPhonesPage :51 - Get cell phone text[[ChromeDriver: chrome on WINDOWS (f6d795ff17f5b63fc9ecdf5caa057f41)] -> xpath: //h1[text()='Cell phones']]
2022-12-20 12:00:36 INFO  TopMenuPage :45 - Verify Computer text[[ChromeDriver: chrome on WINDOWS (e3b28f49b5ac7cf1f2b2822e19c9885e)] -> xpath: //a[@href='/computers']]
2022-12-20 19:08:22 INFO  HomePage :35 - Click on computer menu[[ChromeDriver: chrome on WINDOWS (ec3cb664ec364b1821d361f855d7d4ed)] -> xpath: //ul[1]/li/a[text()='Computers ']]
2022-12-20 19:08:23 INFO  ComputersPage :19 - Click on desktops[[ChromeDriver: chrome on WINDOWS (ec3cb664ec364b1821d361f855d7d4ed)] -> xpath: //img[@alt='Picture for category Desktops']]
2022-12-20 19:08:23 INFO  DesktopsPage :27 - Select sort Z to A[[ChromeDriver: chrome on WINDOWS (ec3cb664ec364b1821d361f855d7d4ed)] -> name: products-orderby]
2022-12-20 19:08:27 INFO  HomePage :35 - Click on computer menu[[ChromeDriver: chrome on WINDOWS (f87fccc0d27d53d8d9dfc1e0e27135b0)] -> xpath: //ul[1]/li/a[text()='Computers ']]
2022-12-20 19:08:28 INFO  ComputersPage :19 - Click on desktops[[ChromeDriver: chrome on WINDOWS (f87fccc0d27d53d8d9dfc1e0e27135b0)] -> xpath: //img[@alt='Picture for category Desktops']]
2022-12-20 19:08:29 INFO  DesktopsPage :32 - Select sort A to Z[[ChromeDriver: chrome on WINDOWS (f87fccc0d27d53d8d9dfc1e0e27135b0)] -> name: products-orderby]
2022-12-20 19:08:34 INFO  DesktopsPage :37 - CLick on add to cart button[[ChromeDriver: chrome on WINDOWS (f87fccc0d27d53d8d9dfc1e0e27135b0)] -> xpath: //body/div[6]/div[3]/div[1]/div[3]/div[1]/div[2]/div[2]/div[2]/div[1]/div[1]/div[1]/div[1]/div[2]/div[3]/div[2]/button[1]]
2022-12-20 19:08:35 INFO  BuildYourOwnComputerPage :60 - Get build your own computer text[[ChromeDriver: chrome on WINDOWS (f87fccc0d27d53d8d9dfc1e0e27135b0)] -> xpath: //h1[text()='Build your own computer']]
2022-12-20 19:08:35 INFO  BuildYourOwnComputerPage :65 - Select processor[[ChromeDriver: chrome on WINDOWS (f87fccc0d27d53d8d9dfc1e0e27135b0)] -> name: product_attribute_1]
2022-12-20 19:08:35 INFO  BuildYourOwnComputerPage :70 - Select ram[[ChromeDriver: chrome on WINDOWS (f87fccc0d27d53d8d9dfc1e0e27135b0)] -> name: product_attribute_2]
2022-12-20 19:08:36 INFO  BuildYourOwnComputerPage :75 - Select hdd[[ChromeDriver: chrome on WINDOWS (f87fccc0d27d53d8d9dfc1e0e27135b0)] -> id: product_attribute_3_7]
2022-12-20 19:08:36 INFO  BuildYourOwnComputerPage :80 - Select vista premium Os[[ChromeDriver: chrome on WINDOWS (f87fccc0d27d53d8d9dfc1e0e27135b0)] -> id: product_attribute_4_9]
2022-12-20 19:08:36 INFO  BuildYourOwnComputerPage :85 - Click on total command[[ChromeDriver: chrome on WINDOWS (f87fccc0d27d53d8d9dfc1e0e27135b0)] -> id: product_attribute_5_12]
2022-12-20 19:08:41 INFO  BuildYourOwnComputerPage :90 - Get price[[ChromeDriver: chrome on WINDOWS (f87fccc0d27d53d8d9dfc1e0e27135b0)] -> id: price-value-1]
2022-12-20 19:08:41 INFO  BuildYourOwnComputerPage :95 - Click on add to cart[[ChromeDriver: chrome on WINDOWS (f87fccc0d27d53d8d9dfc1e0e27135b0)] -> id: add-to-cart-button-1]
2022-12-20 19:08:41 INFO  BuildYourOwnComputerPage :100 - Get product added text[[ChromeDriver: chrome on WINDOWS (f87fccc0d27d53d8d9dfc1e0e27135b0)] -> xpath: //body/div[@id='bar-notification']/div[1]/p[1]]
2022-12-20 19:08:41 INFO  BuildYourOwnComputerPage :105 - Click on close button[[ChromeDriver: chrome on WINDOWS (f87fccc0d27d53d8d9dfc1e0e27135b0)] -> xpath: //span[@class='close']]
2022-12-20 19:08:41 INFO  BuildYourOwnComputerPage :110 - Mouse hover on shopping cart[[ChromeDriver: chrome on WINDOWS (f87fccc0d27d53d8d9dfc1e0e27135b0)] -> xpath: //span[@class='cart-label']]
2022-12-20 19:08:41 INFO  BuildYourOwnComputerPage :115 - Click on go to cart button[[ChromeDriver: chrome on WINDOWS (f87fccc0d27d53d8d9dfc1e0e27135b0)] -> xpath: //button[contains(text(),'Go to cart')]]
2022-12-20 19:08:43 INFO  CartPage :73 - Get shopping cart text[[ChromeDriver: chrome on WINDOWS (f87fccc0d27d53d8d9dfc1e0e27135b0)] -> xpath: //h1[text()='Shopping cart']]
2022-12-20 19:08:43 INFO  CartPage :78 - Change quantity[[ChromeDriver: chrome on WINDOWS (f87fccc0d27d53d8d9dfc1e0e27135b0)] -> xpath: //input[@value='1']]
2022-12-20 19:08:43 INFO  CartPage :84 - Click on update cart[[ChromeDriver: chrome on WINDOWS (f87fccc0d27d53d8d9dfc1e0e27135b0)] -> id: updatecart]
2022-12-20 19:08:44 INFO  CartPage :89 - Get total[[ChromeDriver: chrome on WINDOWS (f87fccc0d27d53d8d9dfc1e0e27135b0)] -> xpath: //tbody/tr[1]/td[6]/span[1]]
2022-12-20 19:08:44 INFO  CartPage :94 - Click on check box[[ChromeDriver: chrome on WINDOWS (f87fccc0d27d53d8d9dfc1e0e27135b0)] -> id: termsofservice]
2022-12-20 19:08:44 INFO  CartPage :99 - Click on checkout button[[ChromeDriver: chrome on WINDOWS (f87fccc0d27d53d8d9dfc1e0e27135b0)] -> id: checkout]
2022-12-20 19:08:45 INFO  CartPage :104 - Get welcome text[[ChromeDriver: chrome on WINDOWS (f87fccc0d27d53d8d9dfc1e0e27135b0)] -> xpath: //h1[text()='Welcome, Please Sign In!']]
2022-12-20 19:08:45 INFO  CartPage :109 - Click on checkout as guest[[ChromeDriver: chrome on WINDOWS (f87fccc0d27d53d8d9dfc1e0e27135b0)] -> xpath: //button[@class='button-1 checkout-as-guest-button']]
2022-12-20 19:08:45 INFO  CheckoutPage :84 - Enter first name[[ChromeDriver: chrome on WINDOWS (f87fccc0d27d53d8d9dfc1e0e27135b0)] -> id: BillingNewAddress_FirstName]
2022-12-20 19:08:45 INFO  CheckoutPage :85 - Enter last name[[ChromeDriver: chrome on WINDOWS (f87fccc0d27d53d8d9dfc1e0e27135b0)] -> id: BillingNewAddress_LastName]
2022-12-20 19:08:45 INFO  CheckoutPage :86 - Enter email id[[ChromeDriver: chrome on WINDOWS (f87fccc0d27d53d8d9dfc1e0e27135b0)] -> id: BillingNewAddress_Email]
2022-12-20 19:08:45 INFO  CheckoutPage :87 - Select country[[ChromeDriver: chrome on WINDOWS (f87fccc0d27d53d8d9dfc1e0e27135b0)] -> id: BillingNewAddress_CountryId]
2022-12-20 19:08:45 INFO  CheckoutPage :88 - Select city[[ChromeDriver: chrome on WINDOWS (f87fccc0d27d53d8d9dfc1e0e27135b0)] -> id: BillingNewAddress_City]
2022-12-20 19:08:45 INFO  CheckoutPage :89 - Enter address[[ChromeDriver: chrome on WINDOWS (f87fccc0d27d53d8d9dfc1e0e27135b0)] -> id: BillingNewAddress_Address1]
2022-12-20 19:08:45 INFO  CheckoutPage :90 - Enter postcode[[ChromeDriver: chrome on WINDOWS (f87fccc0d27d53d8d9dfc1e0e27135b0)] -> id: BillingNewAddress_ZipPostalCode]
2022-12-20 19:08:45 INFO  CheckoutPage :91 - Enter phone number[[ChromeDriver: chrome on WINDOWS (f87fccc0d27d53d8d9dfc1e0e27135b0)] -> id: BillingNewAddress_PhoneNumber]
2022-12-20 19:08:45 INFO  CheckoutPage :92 - Click on continue button[[ChromeDriver: chrome on WINDOWS (f87fccc0d27d53d8d9dfc1e0e27135b0)] -> name: save]
2022-12-20 19:08:47 INFO  CheckoutPage :106 - Click on next day button[[ChromeDriver: chrome on WINDOWS (f87fccc0d27d53d8d9dfc1e0e27135b0)] -> id: shippingoption_1]
2022-12-20 19:08:47 INFO  CheckoutPage :111 - Click on continue[[ChromeDriver: chrome on WINDOWS (f87fccc0d27d53d8d9dfc1e0e27135b0)] -> xpath: //button[@onclick='ShippingMethod.save()']]
2022-12-20 19:08:47 INFO  PaymentPage :44 - CLick on credit card radio button[[ChromeDriver: chrome on WINDOWS (f87fccc0d27d53d8d9dfc1e0e27135b0)] -> id: paymentmethod_1]
2022-12-20 19:08:47 INFO  PaymentPage :49 - Click on continue[[ChromeDriver: chrome on WINDOWS (f87fccc0d27d53d8d9dfc1e0e27135b0)] -> xpath: //li[4]/div[2]/div[1]/button[1]]
2022-12-20 19:08:47 INFO  PaymentPage :54 - Select master card[[ChromeDriver: chrome on WINDOWS (f87fccc0d27d53d8d9dfc1e0e27135b0)] -> id: CreditCardType]
2022-12-20 19:08:47 INFO  PaymentPage :59 - Enter card holder name[[ChromeDriver: chrome on WINDOWS (f87fccc0d27d53d8d9dfc1e0e27135b0)] -> id: CardholderName]
2022-12-20 19:08:47 INFO  PaymentPage :60 - Enter card number[[ChromeDriver: chrome on WINDOWS (f87fccc0d27d53d8d9dfc1e0e27135b0)] -> id: CardNumber]
2022-12-20 19:08:47 INFO  PaymentPage :61 - Select expire month[[ChromeDriver: chrome on WINDOWS (f87fccc0d27d53d8d9dfc1e0e27135b0)] -> id: ExpireMonth]
2022-12-20 19:08:47 INFO  PaymentPage :62 - Select expire year[[ChromeDriver: chrome on WINDOWS (f87fccc0d27d53d8d9dfc1e0e27135b0)] -> id: ExpireYear]
2022-12-20 19:08:47 INFO  PaymentPage :63 - Enter card code[[ChromeDriver: chrome on WINDOWS (f87fccc0d27d53d8d9dfc1e0e27135b0)] -> id: CardCode]
2022-12-20 19:08:47 INFO  PaymentPage :64 - Click on continue button[[ChromeDriver: chrome on WINDOWS (f87fccc0d27d53d8d9dfc1e0e27135b0)] -> xpath: //li[5]/div[2]/div[1]/button[1]]
2022-12-20 19:08:48 INFO  ConfirmOrderPage :57 - Get credit card text[[ChromeDriver: chrome on WINDOWS (f87fccc0d27d53d8d9dfc1e0e27135b0)] -> xpath: //span[contains(text(),'Credit Card')]]
2022-12-20 19:08:48 INFO  ConfirmOrderPage :62 - Get next day air text[[ChromeDriver: chrome on WINDOWS (f87fccc0d27d53d8d9dfc1e0e27135b0)] -> xpath: //body/div[6]/div[3]/div[1]/div[1]/div[1]/div[2]/ol[1]/li[6]/div[2]/div[1]/div[1]/div[1]/div[1]/div[1]/div[2]/div[2]/ul[1]/li[1]/span[2]]
2022-12-20 19:08:48 INFO  ConfirmOrderPage :67 - Click on confirm button[[ChromeDriver: chrome on WINDOWS (f87fccc0d27d53d8d9dfc1e0e27135b0)] -> xpath: //button[contains(text(),'Confirm')]]
2022-12-20 19:08:49 INFO  ConfirmOrderPage :72 - Get thank you text[[ChromeDriver: chrome on WINDOWS (f87fccc0d27d53d8d9dfc1e0e27135b0)] -> xpath: //h1[contains(text(),'Thank you')]]
2022-12-20 19:08:49 INFO  ConfirmOrderPage :77 - Get success message[[ChromeDriver: chrome on WINDOWS (f87fccc0d27d53d8d9dfc1e0e27135b0)] -> xpath: //strong[contains(text(),'Your order has been successfully processed!')]]
2022-12-20 19:08:49 INFO  ConfirmOrderPage :82 - Click on continue button[[ChromeDriver: chrome on WINDOWS (f87fccc0d27d53d8d9dfc1e0e27135b0)] -> xpath: //button[contains(text(),'Continue')]]
2022-12-20 19:08:49 INFO  HomePage :40 - Get welcome to store text[[ChromeDriver: chrome on WINDOWS (f87fccc0d27d53d8d9dfc1e0e27135b0)] -> xpath: //h2[contains(text(),'Welcome to our store')]]
2022-12-20 19:08:53 INFO  HomePage :45 - Hover on electronic[[ChromeDriver: chrome on WINDOWS (d9e6e10d23d154a101ead2072dffb916)] -> xpath: //a[text()='Electronics ']]
2022-12-20 19:08:53 INFO  HomePage :50 - Click on cell phones[[ChromeDriver: chrome on WINDOWS (d9e6e10d23d154a101ead2072dffb916)] -> xpath: //ul[1]/li[2]/ul[1]/li[2]/a[1]]
2022-12-20 19:08:54 INFO  CellPhonesPage :51 - Get cell phone text[[ChromeDriver: chrome on WINDOWS (d9e6e10d23d154a101ead2072dffb916)] -> xpath: //h1[text()='Cell phones']]
2022-12-20 19:08:58 INFO  HomePage :45 - Hover on electronic[[ChromeDriver: chrome on WINDOWS (4955515420841896376750024ca792e2)] -> xpath: //a[text()='Electronics ']]
2022-12-20 19:08:58 INFO  HomePage :50 - Click on cell phones[[ChromeDriver: chrome on WINDOWS (4955515420841896376750024ca792e2)] -> xpath: //ul[1]/li[2]/ul[1]/li[2]/a[1]]
2022-12-20 19:08:59 INFO  CellPhonesPage :51 - Get cell phone text[[ChromeDriver: chrome on WINDOWS (4955515420841896376750024ca792e2)] -> xpath: //h1[text()='Cell phones']]
2022-12-20 19:08:59 INFO  CellPhonesPage :56 - Click on list view tab[[ChromeDriver: chrome on WINDOWS (4955515420841896376750024ca792e2)] -> xpath: //a[contains(text(),'List')]]
2022-12-20 19:09:04 INFO  CellPhonesPage :61 - Click on nokia lumia product[[ChromeDriver: chrome on WINDOWS (4955515420841896376750024ca792e2)] -> xpath: //div[3]/div[1]/div[2]/h2[1]/a]
2022-12-20 19:09:05 INFO  CellPhonesPage :66 - Verify nokia lumia text[[ChromeDriver: chrome on WINDOWS (4955515420841896376750024ca792e2)] -> xpath: //h1[text()='Nokia Lumia 1020']]
2022-12-20 19:09:05 INFO  CellPhonesPage :71 - Verify price[[ChromeDriver: chrome on WINDOWS (4955515420841896376750024ca792e2)] -> id: price-value-20]
2022-12-20 19:09:05 INFO  CellPhonesPage :76 - Change quantity[[ChromeDriver: chrome on WINDOWS (4955515420841896376750024ca792e2)] -> name: addtocart_20.EnteredQuantity]
2022-12-20 19:09:05 INFO  CellPhonesPage :82 - Click on add to cart[[ChromeDriver: chrome on WINDOWS (4955515420841896376750024ca792e2)] -> id: add-to-cart-button-20]
2022-12-20 19:09:06 INFO  CellPhonesPage :87 - Verify product added in shopping cart text[[ChromeDriver: chrome on WINDOWS (4955515420841896376750024ca792e2)] -> xpath: //body/div[@id='bar-notification']/div[1]/p[1]]
2022-12-20 19:09:06 INFO  CellPhonesPage :92 - Click on close button[[ChromeDriver: chrome on WINDOWS (4955515420841896376750024ca792e2)] -> xpath: //span[@title='Close']]
2022-12-20 19:09:06 INFO  CellPhonesPage :97 - Mouse hover on shopping cart[[ChromeDriver: chrome on WINDOWS (4955515420841896376750024ca792e2)] -> xpath: //span[text()='Shopping cart']]
2022-12-20 19:09:06 INFO  CellPhonesPage :98 - Click on go to cart[[ChromeDriver: chrome on WINDOWS (4955515420841896376750024ca792e2)] -> xpath: //button[text()='Go to cart']]
2022-12-20 19:09:07 INFO  CartPage :114 - Verify shopping cart text[[ChromeDriver: chrome on WINDOWS (4955515420841896376750024ca792e2)] -> xpath: //h1[text()='Shopping cart']]
2022-12-20 19:09:07 INFO  CartPage :119 - Verify quantity[[ChromeDriver: chrome on WINDOWS (4955515420841896376750024ca792e2)] -> xpath: //span[contains(text(),'(2)')]]
2022-12-20 19:09:07 INFO  CartPage :124 - Verify total[[ChromeDriver: chrome on WINDOWS (4955515420841896376750024ca792e2)] -> xpath: //tbody/tr[1]/td[6]/span[1]]
2022-12-20 19:09:07 INFO  CartPage :94 - Click on check box[[ChromeDriver: chrome on WINDOWS (4955515420841896376750024ca792e2)] -> id: termsofservice]
2022-12-20 19:09:07 INFO  CartPage :99 - Click on checkout button[[ChromeDriver: chrome on WINDOWS (4955515420841896376750024ca792e2)] -> id: checkout]
2022-12-20 19:09:08 INFO  CartPage :139 - Verify welcome message[[ChromeDriver: chrome on WINDOWS (4955515420841896376750024ca792e2)] -> xpath: //h1[text()='Welcome, Please Sign In!']]
2022-12-20 19:09:08 INFO  CartPage :144 - Click on register tab[[ChromeDriver: chrome on WINDOWS (4955515420841896376750024ca792e2)] -> xpath: //button[text()='Register']]
2022-12-20 19:09:08 INFO  RegisterPage :57 - Verify register text[[ChromeDriver: chrome on WINDOWS (4955515420841896376750024ca792e2)] -> xpath: //h1[text()='Register']]
2022-12-20 19:09:08 INFO  RegisterPage :62 - Click on gender[[ChromeDriver: chrome on WINDOWS (4955515420841896376750024ca792e2)] -> id: gender-male]
2022-12-20 19:09:08 INFO  RegisterPage :63 - Enter first name[[ChromeDriver: chrome on WINDOWS (4955515420841896376750024ca792e2)] -> id: FirstName]
2022-12-20 19:09:08 INFO  RegisterPage :64 - Enter last name[[ChromeDriver: chrome on WINDOWS (4955515420841896376750024ca792e2)] -> id: LastName]
2022-12-20 19:09:08 INFO  RegisterPage :65 - Select day[[ChromeDriver: chrome on WINDOWS (4955515420841896376750024ca792e2)] -> name: DateOfBirthDay]
2022-12-20 19:09:08 INFO  RegisterPage :66 - Select month[[ChromeDriver: chrome on WINDOWS (4955515420841896376750024ca792e2)] -> name: DateOfBirthMonth]
2022-12-20 19:09:08 INFO  RegisterPage :67 - Select year[[ChromeDriver: chrome on WINDOWS (4955515420841896376750024ca792e2)] -> name: DateOfBirthYear]
2022-12-20 19:09:08 INFO  RegisterPage :68 - Enter email[[ChromeDriver: chrome on WINDOWS (4955515420841896376750024ca792e2)] -> id: Email]
2022-12-20 19:09:08 INFO  RegisterPage :69 - Enter password[[ChromeDriver: chrome on WINDOWS (4955515420841896376750024ca792e2)] -> id: Password]
2022-12-20 19:09:08 INFO  RegisterPage :70 - Enter confirm password[[ChromeDriver: chrome on WINDOWS (4955515420841896376750024ca792e2)] -> id: ConfirmPassword]
2022-12-20 19:09:09 INFO  RegisterPage :84 - Click on registration button[[ChromeDriver: chrome on WINDOWS (4955515420841896376750024ca792e2)] -> id: register-button]
2022-12-20 19:09:10 INFO  RegisterPage :89 - Verify registration text[[ChromeDriver: chrome on WINDOWS (4955515420841896376750024ca792e2)] -> xpath: //div[text()='Your registration completed']]
2022-12-20 19:09:10 INFO  RegisterPage :94 - Click on continue tab[[ChromeDriver: chrome on WINDOWS (4955515420841896376750024ca792e2)] -> xpath: //a[text()='Continue']]
2022-12-20 19:09:10 INFO  CartPage :149 - Check shopping cart text[[ChromeDriver: chrome on WINDOWS (4955515420841896376750024ca792e2)] -> xpath: //h1[text()='Shopping cart']]
2022-12-20 19:09:40 INFO  TopMenuPage :45 - Verify Computer text[[ChromeDriver: chrome on WINDOWS (4233cdf85a3202463dbc6b03e4bbaed9)] -> xpath: //a[@href='/computers']]
2022-12-20 19:09:44 INFO  TopMenuPage :50 - Verify electronics text[[ChromeDriver: chrome on WINDOWS (b2c5a5e33f8ac8dc0e35178a16f0b04e)] -> xpath: //a[@href='/electronics']]
2022-12-20 19:09:49 INFO  TopMenuPage :55 - Verify apparel text[[ChromeDriver: chrome on WINDOWS (67cb6d8dc18715202a81b7327be802e9)] -> xpath: //a[@href='/apparel']]
